<?xml version="1.0" encoding="utf-8"?>
<coverage line-rate="0.7182" branch-rate="0.6077" version="1.9" timestamp="1714332963" lines-covered="181" lines-valid="252" branches-covered="110" branches-valid="181">
  <sources>
    <source>D:\Visual Studio Projects\mazesharp\Maze\</source>
  </sources>
  <packages>
    <package name="s21_Maze" line-rate="0.7182" branch-rate="0.6077" complexity="200">
      <classes>
        <class name="s21_Maze.Maze" filename="Maze.cs" line-rate="0.78" branch-rate="0.7" complexity="120">
          <methods>
            <method name="get_Row" signature="()" line-rate="1" branch-rate="1" complexity="1">
              <lines>
                <line number="12" hits="187" branch="False" />
              </lines>
            </method>
            <method name="get_Col" signature="()" line-rate="1" branch-rate="1" complexity="1">
              <lines>
                <line number="13" hits="187" branch="False" />
              </lines>
            </method>
            <method name="get_Bias" signature="()" line-rate="1" branch-rate="1" complexity="1">
              <lines>
                <line number="14" hits="40" branch="False" />
              </lines>
            </method>
            <method name="get_BiasMax" signature="()" line-rate="1" branch-rate="1" complexity="1">
              <lines>
                <line number="15" hits="44" branch="False" />
              </lines>
            </method>
            <method name="get_RightWalls" signature="()" line-rate="1" branch-rate="1" complexity="1">
              <lines>
                <line number="16" hits="1" branch="False" />
              </lines>
            </method>
            <method name="get_BottomWalls" signature="()" line-rate="1" branch-rate="1" complexity="1">
              <lines>
                <line number="17" hits="2" branch="False" />
              </lines>
            </method>
            <method name="get_Path" signature="()" line-rate="1" branch-rate="1" complexity="1">
              <lines>
                <line number="18" hits="22" branch="False" />
              </lines>
            </method>
            <method name="get_PathLength" signature="()" line-rate="1" branch-rate="1" complexity="1">
              <lines>
                <line number="19" hits="1" branch="False" />
              </lines>
            </method>
            <method name="SetSize" signature="(System.Int32,System.Int32)" line-rate="1" branch-rate="1" complexity="1">
              <lines>
                <line number="32" hits="2" branch="False" />
                <line number="33" hits="2" branch="False" />
                <line number="34" hits="2" branch="False" />
                <line number="35" hits="2" branch="False" />
                <line number="36" hits="2" branch="False" />
              </lines>
            </method>
            <method name="ReadFromFile" signature="(System.String)" line-rate="1" branch-rate="0.6666" complexity="12">
              <lines>
                <line number="38" hits="4" branch="False" />
                <line number="39" hits="4" branch="False" />
                <line number="40" hits="4" branch="False" />
                <line number="41" hits="4" branch="False" />
                <line number="42" hits="4" branch="False" />
                <line number="44" hits="4" branch="True" condition-coverage="50% (1/2)">
                  <conditions>
                    <condition number="51" type="jump" coverage="50%" />
                  </conditions>
                </line>
                <line number="46" hits="4" branch="True" condition-coverage="100% (2/2)">
                  <conditions>
                    <condition number="81" type="jump" coverage="100%" />
                  </conditions>
                </line>
                <line number="47" hits="4" branch="False" />
                <line number="48" hits="4" branch="False" />
                <line number="50" hits="4" branch="True" condition-coverage="50% (1/2)">
                  <conditions>
                    <condition number="151" type="jump" coverage="50%" />
                  </conditions>
                </line>
                <line number="52" hits="40" branch="True" condition-coverage="100% (2/2)">
                  <conditions>
                    <condition number="327" type="jump" coverage="100%" />
                  </conditions>
                </line>
                <line number="53" hits="16" branch="False" />
                <line number="54" hits="16" branch="True" condition-coverage="50% (1/2)">
                  <conditions>
                    <condition number="206" type="jump" coverage="50%" />
                  </conditions>
                </line>
                <line number="55" hits="16" branch="True" condition-coverage="50% (1/2)">
                  <conditions>
                    <condition number="269" type="jump" coverage="50%" />
                  </conditions>
                </line>
                <line number="56" hits="16" branch="False" />
                <line number="57" hits="4" branch="False" />
              </lines>
            </method>
            <method name="Init" signature="()" line-rate="1" branch-rate="1" complexity="4">
              <lines>
                <line number="59" hits="15" branch="False" />
                <line number="60" hits="15" branch="False" />
                <line number="61" hits="15" branch="False" />
                <line number="62" hits="15" branch="False" />
                <line number="63" hits="206" branch="True" condition-coverage="100% (2/2)">
                  <conditions>
                    <condition number="124" type="jump" coverage="100%" />
                  </conditions>
                </line>
                <line number="64" hits="88" branch="False" />
                <line number="65" hits="88" branch="False" />
                <line number="66" hits="88" branch="False" />
                <line number="67" hits="88" branch="False" />
                <line number="68" hits="88" branch="False" />
                <line number="69" hits="186" branch="True" condition-coverage="100% (2/2)">
                  <conditions>
                    <condition number="169" type="jump" coverage="100%" />
                  </conditions>
                </line>
                <line number="70" hits="78" branch="False" />
                <line number="71" hits="78" branch="False" />
                <line number="72" hits="78" branch="False" />
                <line number="73" hits="15" branch="False" />
              </lines>
            </method>
            <method name="Generate" signature="()" line-rate="0.9729000000000001" branch-rate="0.9814" complexity="54">
              <lines>
                <line number="75" hits="1" branch="False" />
                <line number="76" hits="1" branch="False" />
                <line number="77" hits="1" branch="False" />
                <line number="78" hits="1" branch="False" />
                <line number="79" hits="14" branch="True" condition-coverage="100% (2/2)">
                  <conditions>
                    <condition number="73" type="jump" coverage="100%" />
                  </conditions>
                </line>
                <line number="80" hits="10" branch="True" condition-coverage="100% (2/2)">
                  <conditions>
                    <condition number="854" type="jump" coverage="100%" />
                  </conditions>
                </line>
                <line number="81" hits="4" branch="False" />
                <line number="82" hits="4" branch="True" condition-coverage="100% (2/2)">
                  <conditions>
                    <condition number="93" type="jump" coverage="100%" />
                  </conditions>
                </line>
                <line number="83" hits="47" branch="True" condition-coverage="100% (4/4)">
                  <conditions>
                    <condition number="166" type="jump" coverage="100%" />
                    <condition number="125" type="jump" coverage="100%" />
                  </conditions>
                </line>
                <line number="85" hits="4" branch="False" />
                <line number="86" hits="104" branch="True" condition-coverage="100% (2/2)">
                  <conditions>
                    <condition number="229" type="jump" coverage="100%" />
                  </conditions>
                </line>
                <line number="88" hits="40" branch="True" condition-coverage="100% (2/2)">
                  <conditions>
                    <condition number="828" type="jump" coverage="100%" />
                  </conditions>
                </line>
                <line number="89" hits="16" branch="False" />
                <line number="90" hits="16" branch="True" condition-coverage="100% (6/6)">
                  <conditions>
                    <condition number="275" type="jump" coverage="100%" />
                    <condition number="293" type="jump" coverage="100%" />
                    <condition number="357" type="jump" coverage="100%" />
                  </conditions>
                </line>
                <line number="91" hits="5" branch="False" />
                <line number="92" hits="11" branch="True" condition-coverage="100% (2/2)">
                  <conditions>
                    <condition number="404" type="jump" coverage="100%" />
                  </conditions>
                </line>
                <line number="93" hits="35" branch="True" condition-coverage="100% (2/2)">
                  <conditions>
                    <condition number="25" type="jump" coverage="100%" />
                  </conditions>
                </line>
                <line number="94" hits="80" branch="False" />
                <line number="95" hits="56" branch="False" />
                <line number="96" hits="40" branch="False" />
                <line number="97" hits="16" branch="True" condition-coverage="100% (2/2)">
                  <conditions>
                    <condition number="636" type="jump" coverage="100%" />
                  </conditions>
                </line>
                <line number="98" hits="10" branch="False" />
                <line number="99" hits="10" branch="True" condition-coverage="100% (10/10)">
                  <conditions>
                    <condition number="661" type="jump" coverage="100%" />
                    <condition number="669" type="jump" coverage="100%" />
                    <condition number="674" type="jump" coverage="100%" />
                    <condition number="679" type="jump" coverage="100%" />
                    <condition number="696" type="jump" coverage="100%" />
                  </conditions>
                </line>
                <line number="100" hits="8" branch="False" />
                <line number="101" hits="10" branch="False" />
                <line number="102" hits="6" branch="True" condition-coverage="83.33% (5/6)">
                  <conditions>
                    <condition number="745" type="jump" coverage="100%" />
                    <condition number="750" type="jump" coverage="100%" />
                    <condition number="764" type="jump" coverage="50%" />
                  </conditions>
                </line>
                <line number="103" hits="0" branch="False" />
                <line number="104" hits="16" branch="False" />
                <line number="105" hits="4" branch="False" />
                <line number="107" hits="10" branch="True" condition-coverage="100% (2/2)">
                  <conditions>
                    <condition number="1124" type="jump" coverage="100%" />
                  </conditions>
                </line>
                <line number="108" hits="4" branch="False" />
                <line number="109" hits="4" branch="True" condition-coverage="100% (6/6)">
                  <conditions>
                    <condition number="903" type="jump" coverage="100%" />
                    <condition number="955" type="jump" coverage="100%" />
                    <condition number="984" type="jump" coverage="100%" />
                  </conditions>
                </line>
                <line number="110" hits="1" branch="False" />
                <line number="111" hits="4" branch="True" condition-coverage="100% (2/2)">
                  <conditions>
                    <condition number="1035" type="jump" coverage="100%" />
                  </conditions>
                </line>
                <line number="112" hits="15" branch="True" condition-coverage="100% (2/2)">
                  <conditions>
                    <condition number="25" type="jump" coverage="100%" />
                  </conditions>
                </line>
                <line number="113" hits="4" branch="False" />
                <line number="114" hits="1" branch="False" />
              </lines>
            </method>
            <method name="Save" signature="(System.String)" line-rate="1" branch-rate="1" complexity="8">
              <lines>
                <line number="116" hits="3" branch="False" />
                <line number="117" hits="3" branch="False" />
                <line number="118" hits="3" branch="False" />
                <line number="119" hits="3" branch="False" />
                <line number="120" hits="30" branch="True" condition-coverage="100% (2/2)">
                  <conditions>
                    <condition number="159" type="jump" coverage="100%" />
                  </conditions>
                </line>
                <line number="121" hits="12" branch="False" />
                <line number="122" hits="12" branch="False" />
                <line number="123" hits="120" branch="True" condition-coverage="100% (2/2)">
                  <conditions>
                    <condition number="121" type="jump" coverage="100%" />
                  </conditions>
                </line>
                <line number="124" hits="48" branch="False" />
                <line number="125" hits="48" branch="False" />
                <line number="126" hits="48" branch="False" />
                <line number="127" hits="12" branch="False" />
                <line number="128" hits="12" branch="False" />
                <line number="129" hits="3" branch="False" />
                <line number="130" hits="3" branch="False" />
                <line number="131" hits="3" branch="False" />
                <line number="132" hits="30" branch="True" condition-coverage="100% (2/2)">
                  <conditions>
                    <condition number="308" type="jump" coverage="100%" />
                  </conditions>
                </line>
                <line number="133" hits="12" branch="False" />
                <line number="134" hits="12" branch="False" />
                <line number="135" hits="120" branch="True" condition-coverage="100% (2/2)">
                  <conditions>
                    <condition number="266" type="jump" coverage="100%" />
                  </conditions>
                </line>
                <line number="136" hits="48" branch="False" />
                <line number="137" hits="48" branch="False" />
                <line number="138" hits="48" branch="False" />
                <line number="139" hits="12" branch="False" />
                <line number="140" hits="12" branch="False" />
                <line number="141" hits="3" branch="False" />
                <line number="142" hits="3" branch="False" />
                <line number="143" hits="3" branch="False" />
              </lines>
            </method>
            <method name="ToString" signature="()" line-rate="0" branch-rate="0" complexity="14">
              <lines>
                <line number="146" hits="0" branch="False" />
                <line number="147" hits="0" branch="False" />
                <line number="148" hits="0" branch="False" />
                <line number="149" hits="0" branch="True" condition-coverage="0% (0/2)">
                  <conditions>
                    <condition number="50" type="jump" coverage="0%" />
                  </conditions>
                </line>
                <line number="150" hits="0" branch="False" />
                <line number="151" hits="0" branch="True" condition-coverage="0% (0/2)">
                  <conditions>
                    <condition number="264" type="jump" coverage="0%" />
                  </conditions>
                </line>
                <line number="152" hits="0" branch="False" />
                <line number="153" hits="0" branch="False" />
                <line number="154" hits="0" branch="True" condition-coverage="0% (0/2)">
                  <conditions>
                    <condition number="234" type="jump" coverage="0%" />
                  </conditions>
                </line>
                <line number="155" hits="0" branch="False" />
                <line number="156" hits="0" branch="True" condition-coverage="0% (0/6)">
                  <conditions>
                    <condition number="110" type="jump" coverage="0%" />
                    <condition number="128" type="jump" coverage="0%" />
                    <condition number="160" type="jump" coverage="0%" />
                  </conditions>
                </line>
                <line number="157" hits="0" branch="True" condition-coverage="0% (0/2)">
                  <conditions>
                    <condition number="202" type="jump" coverage="0%" />
                  </conditions>
                </line>
                <line number="158" hits="0" branch="False" />
                <line number="159" hits="0" branch="False" />
                <line number="160" hits="0" branch="False" />
                <line number="162" hits="0" branch="False" />
                <line number="163" hits="0" branch="False" />
              </lines>
            </method>
            <method name="FindPath" signature="(System.Int32,System.Int32,System.Int32,System.Int32)" line-rate="1" branch-rate="1" complexity="1">
              <lines>
                <line number="166" hits="1" branch="False" />
              </lines>
            </method>
            <method name="PathToString" signature="()" line-rate="0" branch-rate="0" complexity="10">
              <lines>
                <line number="169" hits="0" branch="False" />
                <line number="170" hits="0" branch="True" condition-coverage="0% (0/2)">
                  <conditions>
                    <condition number="12" type="jump" coverage="0%" />
                  </conditions>
                </line>
                <line number="171" hits="0" branch="False" />
                <line number="172" hits="0" branch="False" />
                <line number="173" hits="0" branch="True" condition-coverage="0% (0/2)">
                  <conditions>
                    <condition number="96" type="jump" coverage="0%" />
                  </conditions>
                </line>
                <line number="174" hits="0" branch="False" />
                <line number="175" hits="0" branch="True" condition-coverage="0% (0/2)">
                  <conditions>
                    <condition number="220" type="jump" coverage="0%" />
                  </conditions>
                </line>
                <line number="176" hits="0" branch="False" />
                <line number="177" hits="0" branch="False" />
                <line number="178" hits="0" branch="True" condition-coverage="0% (0/2)">
                  <conditions>
                    <condition number="190" type="jump" coverage="0%" />
                  </conditions>
                </line>
                <line number="179" hits="0" branch="True" condition-coverage="0% (0/2)">
                  <conditions>
                    <condition number="150" type="jump" coverage="0%" />
                  </conditions>
                </line>
                <line number="180" hits="0" branch="False" />
                <line number="181" hits="0" branch="False" />
                <line number="182" hits="0" branch="False" />
                <line number="183" hits="0" branch="False" />
              </lines>
            </method>
            <method name=".ctor" signature="(System.Int32,System.Int32,System.Int32)" line-rate="1" branch-rate="0.5" complexity="8">
              <lines>
                <line number="21" hits="12" branch="False" />
                <line number="22" hits="12" branch="False" />
                <line number="23" hits="12" branch="True" condition-coverage="50% (2/4)">
                  <conditions>
                    <condition number="11" type="jump" coverage="50%" />
                    <condition number="19" type="jump" coverage="50%" />
                  </conditions>
                </line>
                <line number="24" hits="12" branch="True" condition-coverage="50% (2/4)">
                  <conditions>
                    <condition number="34" type="jump" coverage="50%" />
                    <condition number="42" type="jump" coverage="50%" />
                  </conditions>
                </line>
                <line number="26" hits="12" branch="False" />
                <line number="27" hits="12" branch="False" />
                <line number="29" hits="12" branch="False" />
                <line number="30" hits="12" branch="False" />
              </lines>
            </method>
          </methods>
          <lines>
            <line number="12" hits="187" branch="False" />
            <line number="13" hits="187" branch="False" />
            <line number="14" hits="40" branch="False" />
            <line number="15" hits="44" branch="False" />
            <line number="16" hits="1" branch="False" />
            <line number="17" hits="2" branch="False" />
            <line number="18" hits="22" branch="False" />
            <line number="19" hits="1" branch="False" />
            <line number="32" hits="2" branch="False" />
            <line number="33" hits="2" branch="False" />
            <line number="34" hits="2" branch="False" />
            <line number="35" hits="2" branch="False" />
            <line number="36" hits="2" branch="False" />
            <line number="38" hits="4" branch="False" />
            <line number="39" hits="4" branch="False" />
            <line number="40" hits="4" branch="False" />
            <line number="41" hits="4" branch="False" />
            <line number="42" hits="4" branch="False" />
            <line number="44" hits="4" branch="True" condition-coverage="50% (1/2)">
              <conditions>
                <condition number="51" type="jump" coverage="50%" />
              </conditions>
            </line>
            <line number="46" hits="4" branch="True" condition-coverage="100% (2/2)">
              <conditions>
                <condition number="81" type="jump" coverage="100%" />
              </conditions>
            </line>
            <line number="47" hits="4" branch="False" />
            <line number="48" hits="4" branch="False" />
            <line number="50" hits="4" branch="True" condition-coverage="50% (1/2)">
              <conditions>
                <condition number="151" type="jump" coverage="50%" />
              </conditions>
            </line>
            <line number="52" hits="40" branch="True" condition-coverage="100% (2/2)">
              <conditions>
                <condition number="327" type="jump" coverage="100%" />
              </conditions>
            </line>
            <line number="53" hits="16" branch="False" />
            <line number="54" hits="16" branch="True" condition-coverage="50% (1/2)">
              <conditions>
                <condition number="206" type="jump" coverage="50%" />
              </conditions>
            </line>
            <line number="55" hits="16" branch="True" condition-coverage="50% (1/2)">
              <conditions>
                <condition number="269" type="jump" coverage="50%" />
              </conditions>
            </line>
            <line number="56" hits="16" branch="False" />
            <line number="57" hits="4" branch="False" />
            <line number="59" hits="15" branch="False" />
            <line number="60" hits="15" branch="False" />
            <line number="61" hits="15" branch="False" />
            <line number="62" hits="15" branch="False" />
            <line number="63" hits="206" branch="True" condition-coverage="100% (2/2)">
              <conditions>
                <condition number="124" type="jump" coverage="100%" />
              </conditions>
            </line>
            <line number="64" hits="88" branch="False" />
            <line number="65" hits="88" branch="False" />
            <line number="66" hits="88" branch="False" />
            <line number="67" hits="88" branch="False" />
            <line number="68" hits="88" branch="False" />
            <line number="69" hits="186" branch="True" condition-coverage="100% (2/2)">
              <conditions>
                <condition number="169" type="jump" coverage="100%" />
              </conditions>
            </line>
            <line number="70" hits="78" branch="False" />
            <line number="71" hits="78" branch="False" />
            <line number="72" hits="78" branch="False" />
            <line number="73" hits="15" branch="False" />
            <line number="75" hits="1" branch="False" />
            <line number="76" hits="1" branch="False" />
            <line number="77" hits="1" branch="False" />
            <line number="78" hits="1" branch="False" />
            <line number="79" hits="14" branch="True" condition-coverage="100% (2/2)">
              <conditions>
                <condition number="73" type="jump" coverage="100%" />
              </conditions>
            </line>
            <line number="80" hits="10" branch="True" condition-coverage="100% (2/2)">
              <conditions>
                <condition number="854" type="jump" coverage="100%" />
              </conditions>
            </line>
            <line number="81" hits="4" branch="False" />
            <line number="82" hits="4" branch="True" condition-coverage="100% (2/2)">
              <conditions>
                <condition number="93" type="jump" coverage="100%" />
              </conditions>
            </line>
            <line number="83" hits="47" branch="True" condition-coverage="100% (4/4)">
              <conditions>
                <condition number="166" type="jump" coverage="100%" />
                <condition number="125" type="jump" coverage="100%" />
              </conditions>
            </line>
            <line number="85" hits="4" branch="False" />
            <line number="86" hits="104" branch="True" condition-coverage="100% (2/2)">
              <conditions>
                <condition number="229" type="jump" coverage="100%" />
              </conditions>
            </line>
            <line number="88" hits="40" branch="True" condition-coverage="100% (2/2)">
              <conditions>
                <condition number="828" type="jump" coverage="100%" />
              </conditions>
            </line>
            <line number="89" hits="16" branch="False" />
            <line number="90" hits="16" branch="True" condition-coverage="100% (6/6)">
              <conditions>
                <condition number="275" type="jump" coverage="100%" />
                <condition number="293" type="jump" coverage="100%" />
                <condition number="357" type="jump" coverage="100%" />
              </conditions>
            </line>
            <line number="91" hits="5" branch="False" />
            <line number="92" hits="11" branch="True" condition-coverage="100% (2/2)">
              <conditions>
                <condition number="404" type="jump" coverage="100%" />
              </conditions>
            </line>
            <line number="93" hits="35" branch="True" condition-coverage="100% (2/2)">
              <conditions>
                <condition number="25" type="jump" coverage="100%" />
              </conditions>
            </line>
            <line number="94" hits="80" branch="False" />
            <line number="95" hits="56" branch="False" />
            <line number="96" hits="40" branch="False" />
            <line number="97" hits="16" branch="True" condition-coverage="100% (2/2)">
              <conditions>
                <condition number="636" type="jump" coverage="100%" />
              </conditions>
            </line>
            <line number="98" hits="10" branch="False" />
            <line number="99" hits="10" branch="True" condition-coverage="100% (10/10)">
              <conditions>
                <condition number="661" type="jump" coverage="100%" />
                <condition number="669" type="jump" coverage="100%" />
                <condition number="674" type="jump" coverage="100%" />
                <condition number="679" type="jump" coverage="100%" />
                <condition number="696" type="jump" coverage="100%" />
              </conditions>
            </line>
            <line number="100" hits="8" branch="False" />
            <line number="101" hits="10" branch="False" />
            <line number="102" hits="6" branch="True" condition-coverage="83.33% (5/6)">
              <conditions>
                <condition number="745" type="jump" coverage="100%" />
                <condition number="750" type="jump" coverage="100%" />
                <condition number="764" type="jump" coverage="50%" />
              </conditions>
            </line>
            <line number="103" hits="0" branch="False" />
            <line number="104" hits="16" branch="False" />
            <line number="105" hits="4" branch="False" />
            <line number="107" hits="10" branch="True" condition-coverage="100% (2/2)">
              <conditions>
                <condition number="1124" type="jump" coverage="100%" />
              </conditions>
            </line>
            <line number="108" hits="4" branch="False" />
            <line number="109" hits="4" branch="True" condition-coverage="100% (6/6)">
              <conditions>
                <condition number="903" type="jump" coverage="100%" />
                <condition number="955" type="jump" coverage="100%" />
                <condition number="984" type="jump" coverage="100%" />
              </conditions>
            </line>
            <line number="110" hits="1" branch="False" />
            <line number="111" hits="4" branch="True" condition-coverage="100% (2/2)">
              <conditions>
                <condition number="1035" type="jump" coverage="100%" />
              </conditions>
            </line>
            <line number="112" hits="15" branch="True" condition-coverage="100% (2/2)">
              <conditions>
                <condition number="25" type="jump" coverage="100%" />
              </conditions>
            </line>
            <line number="113" hits="4" branch="False" />
            <line number="114" hits="1" branch="False" />
            <line number="116" hits="3" branch="False" />
            <line number="117" hits="3" branch="False" />
            <line number="118" hits="3" branch="False" />
            <line number="119" hits="3" branch="False" />
            <line number="120" hits="30" branch="True" condition-coverage="100% (2/2)">
              <conditions>
                <condition number="159" type="jump" coverage="100%" />
              </conditions>
            </line>
            <line number="121" hits="12" branch="False" />
            <line number="122" hits="12" branch="False" />
            <line number="123" hits="120" branch="True" condition-coverage="100% (2/2)">
              <conditions>
                <condition number="121" type="jump" coverage="100%" />
              </conditions>
            </line>
            <line number="124" hits="48" branch="False" />
            <line number="125" hits="48" branch="False" />
            <line number="126" hits="48" branch="False" />
            <line number="127" hits="12" branch="False" />
            <line number="128" hits="12" branch="False" />
            <line number="129" hits="3" branch="False" />
            <line number="130" hits="3" branch="False" />
            <line number="131" hits="3" branch="False" />
            <line number="132" hits="30" branch="True" condition-coverage="100% (2/2)">
              <conditions>
                <condition number="308" type="jump" coverage="100%" />
              </conditions>
            </line>
            <line number="133" hits="12" branch="False" />
            <line number="134" hits="12" branch="False" />
            <line number="135" hits="120" branch="True" condition-coverage="100% (2/2)">
              <conditions>
                <condition number="266" type="jump" coverage="100%" />
              </conditions>
            </line>
            <line number="136" hits="48" branch="False" />
            <line number="137" hits="48" branch="False" />
            <line number="138" hits="48" branch="False" />
            <line number="139" hits="12" branch="False" />
            <line number="140" hits="12" branch="False" />
            <line number="141" hits="3" branch="False" />
            <line number="142" hits="3" branch="False" />
            <line number="143" hits="3" branch="False" />
            <line number="146" hits="0" branch="False" />
            <line number="147" hits="0" branch="False" />
            <line number="148" hits="0" branch="False" />
            <line number="149" hits="0" branch="True" condition-coverage="0% (0/2)">
              <conditions>
                <condition number="50" type="jump" coverage="0%" />
              </conditions>
            </line>
            <line number="150" hits="0" branch="False" />
            <line number="151" hits="0" branch="True" condition-coverage="0% (0/2)">
              <conditions>
                <condition number="264" type="jump" coverage="0%" />
              </conditions>
            </line>
            <line number="152" hits="0" branch="False" />
            <line number="153" hits="0" branch="False" />
            <line number="154" hits="0" branch="True" condition-coverage="0% (0/2)">
              <conditions>
                <condition number="234" type="jump" coverage="0%" />
              </conditions>
            </line>
            <line number="155" hits="0" branch="False" />
            <line number="156" hits="0" branch="True" condition-coverage="0% (0/6)">
              <conditions>
                <condition number="110" type="jump" coverage="0%" />
                <condition number="128" type="jump" coverage="0%" />
                <condition number="160" type="jump" coverage="0%" />
              </conditions>
            </line>
            <line number="157" hits="0" branch="True" condition-coverage="0% (0/2)">
              <conditions>
                <condition number="202" type="jump" coverage="0%" />
              </conditions>
            </line>
            <line number="158" hits="0" branch="False" />
            <line number="159" hits="0" branch="False" />
            <line number="160" hits="0" branch="False" />
            <line number="162" hits="0" branch="False" />
            <line number="163" hits="0" branch="False" />
            <line number="166" hits="1" branch="False" />
            <line number="169" hits="0" branch="False" />
            <line number="170" hits="0" branch="True" condition-coverage="0% (0/2)">
              <conditions>
                <condition number="12" type="jump" coverage="0%" />
              </conditions>
            </line>
            <line number="171" hits="0" branch="False" />
            <line number="172" hits="0" branch="False" />
            <line number="173" hits="0" branch="True" condition-coverage="0% (0/2)">
              <conditions>
                <condition number="96" type="jump" coverage="0%" />
              </conditions>
            </line>
            <line number="174" hits="0" branch="False" />
            <line number="175" hits="0" branch="True" condition-coverage="0% (0/2)">
              <conditions>
                <condition number="220" type="jump" coverage="0%" />
              </conditions>
            </line>
            <line number="176" hits="0" branch="False" />
            <line number="177" hits="0" branch="False" />
            <line number="178" hits="0" branch="True" condition-coverage="0% (0/2)">
              <conditions>
                <condition number="190" type="jump" coverage="0%" />
              </conditions>
            </line>
            <line number="179" hits="0" branch="True" condition-coverage="0% (0/2)">
              <conditions>
                <condition number="150" type="jump" coverage="0%" />
              </conditions>
            </line>
            <line number="180" hits="0" branch="False" />
            <line number="181" hits="0" branch="False" />
            <line number="182" hits="0" branch="False" />
            <line number="183" hits="0" branch="False" />
            <line number="21" hits="12" branch="False" />
            <line number="22" hits="12" branch="False" />
            <line number="23" hits="12" branch="True" condition-coverage="50% (2/4)">
              <conditions>
                <condition number="11" type="jump" coverage="50%" />
                <condition number="19" type="jump" coverage="50%" />
              </conditions>
            </line>
            <line number="24" hits="12" branch="True" condition-coverage="50% (2/4)">
              <conditions>
                <condition number="34" type="jump" coverage="50%" />
                <condition number="42" type="jump" coverage="50%" />
              </conditions>
            </line>
            <line number="26" hits="12" branch="False" />
            <line number="27" hits="12" branch="False" />
            <line number="29" hits="12" branch="False" />
            <line number="30" hits="12" branch="False" />
          </lines>
        </class>
        <class name="s21_Maze.PathFinder" filename="PathFinder.cs" line-rate="0.5978" branch-rate="0.44770000000000004" complexity="72">
          <methods>
            <method name="get_Start" signature="()" line-rate="1" branch-rate="1" complexity="1">
              <lines>
                <line number="7" hits="6" branch="False" />
              </lines>
            </method>
            <method name="get_End" signature="()" line-rate="1" branch-rate="1" complexity="1">
              <lines>
                <line number="8" hits="6" branch="False" />
              </lines>
            </method>
            <method name="get_Maze" signature="()" line-rate="1" branch-rate="1" complexity="1">
              <lines>
                <line number="10" hits="7" branch="False" />
              </lines>
            </method>
            <method name="get_PathLength" signature="()" line-rate="0" branch-rate="1" complexity="1">
              <lines>
                <line number="17" hits="0" branch="False" />
              </lines>
            </method>
            <method name="ToList" signature="()" line-rate="1" branch-rate="1" complexity="2">
              <lines>
                <line number="28" hits="1" branch="False" />
                <line number="29" hits="1" branch="False" />
                <line number="30" hits="7" branch="True" condition-coverage="100% (2/2)">
                  <conditions>
                    <condition number="68" type="jump" coverage="100%" />
                  </conditions>
                </line>
                <line number="31" hits="2" branch="False" />
                <line number="32" hits="1" branch="False" />
                <line number="33" hits="1" branch="False" />
              </lines>
            </method>
            <method name="ToArray" signature="()" line-rate="0" branch-rate="0" complexity="2">
              <lines>
                <line number="36" hits="0" branch="False" />
                <line number="37" hits="0" branch="False" />
                <line number="38" hits="0" branch="True" condition-coverage="0% (0/2)">
                  <conditions>
                    <condition number="95" type="jump" coverage="0%" />
                  </conditions>
                </line>
                <line number="39" hits="0" branch="False" />
                <line number="40" hits="0" branch="False" />
                <line number="41" hits="0" branch="False" />
                <line number="42" hits="0" branch="False" />
                <line number="43" hits="0" branch="False" />
                <line number="44" hits="0" branch="False" />
              </lines>
            </method>
            <method name="FindPath" signature="()" line-rate="0.7741" branch-rate="0.5625" complexity="32">
              <lines>
                <line number="47" hits="1" branch="False" />
                <line number="48" hits="1" branch="True" condition-coverage="50% (8/16)">
                  <conditions>
                    <condition number="29" type="jump" coverage="50%" />
                    <condition number="46" type="jump" coverage="50%" />
                    <condition number="70" type="jump" coverage="50%" />
                    <condition number="84" type="jump" coverage="50%" />
                    <condition number="108" type="jump" coverage="50%" />
                    <condition number="122" type="jump" coverage="50%" />
                    <condition number="146" type="jump" coverage="50%" />
                    <condition number="167" type="jump" coverage="50%" />
                  </conditions>
                </line>
                <line number="49" hits="1" branch="False" />
                <line number="50" hits="1" branch="False" />
                <line number="51" hits="1" branch="False" />
                <line number="52" hits="0" branch="False" />
                <line number="54" hits="1" branch="False" />
                <line number="55" hits="1" branch="False" />
                <line number="57" hits="2" branch="True" condition-coverage="100% (2/2)">
                  <conditions>
                    <condition number="484" type="jump" coverage="100%" />
                  </conditions>
                </line>
                <line number="58" hits="1" branch="False" />
                <line number="59" hits="1" branch="False" />
                <line number="60" hits="1" branch="False" />
                <line number="62" hits="1" branch="False" />
                <line number="63" hits="1" branch="False" />
                <line number="64" hits="1" branch="False" />
                <line number="66" hits="1" branch="True" condition-coverage="50% (5/10)">
                  <conditions>
                    <condition number="267" type="jump" coverage="50%" />
                    <condition number="287" type="jump" coverage="50%" />
                    <condition number="297" type="jump" coverage="50%" />
                    <condition number="317" type="jump" coverage="50%" />
                    <condition number="335" type="jump" coverage="50%" />
                  </conditions>
                </line>
                <line number="67" hits="1" branch="False" />
                <line number="68" hits="1" branch="False" />
                <line number="69" hits="1" branch="False" />
                <line number="71" hits="0" branch="False" />
                <line number="72" hits="0" branch="False" />
                <line number="73" hits="1" branch="False" />
                <line number="74" hits="2" branch="True" condition-coverage="75% (3/4)">
                  <conditions>
                    <condition number="373" type="jump" coverage="100%" />
                    <condition number="408" type="jump" coverage="50%" />
                  </conditions>
                </line>
                <line number="75" hits="0" branch="False" />
                <line number="76" hits="0" branch="False" />
                <line number="77" hits="0" branch="False" />
                <line number="78" hits="0" branch="False" />
                <line number="79" hits="1" branch="False" />
                <line number="80" hits="1" branch="False" />
                <line number="82" hits="1" branch="False" />
                <line number="83" hits="1" branch="False" />
              </lines>
            </method>
            <method name="CanStep" signature="(s21_Maze.PathFinder/Direction,s21_Maze.Vector2D)" line-rate="0.6363" branch-rate="0.5" complexity="16">
              <lines>
                <line number="86" hits="1" branch="False" />
                <line number="87" hits="1" branch="True" condition-coverage="50% (2/4)">
                  <conditions>
                    <condition number="2" type="jump" coverage="50%" />
                    <condition number="43" type="jump" coverage="50%" />
                  </conditions>
                </line>
                <line number="88" hits="0" branch="False" />
                <line number="89" hits="1" branch="True" condition-coverage="50% (2/4)">
                  <conditions>
                    <condition number="54" type="jump" coverage="50%" />
                    <condition number="93" type="jump" coverage="50%" />
                  </conditions>
                </line>
                <line number="90" hits="0" branch="False" />
                <line number="91" hits="1" branch="True" condition-coverage="50% (2/4)">
                  <conditions>
                    <condition number="101" type="jump" coverage="50%" />
                    <condition number="140" type="jump" coverage="50%" />
                  </conditions>
                </line>
                <line number="92" hits="0" branch="False" />
                <line number="93" hits="1" branch="True" condition-coverage="50% (2/4)">
                  <conditions>
                    <condition number="148" type="jump" coverage="50%" />
                    <condition number="191" type="jump" coverage="50%" />
                  </conditions>
                </line>
                <line number="94" hits="1" branch="False" />
                <line number="95" hits="0" branch="False" />
                <line number="96" hits="1" branch="False" />
              </lines>
            </method>
            <method name="NextCell" signature="(s21_Maze.PathFinder/Direction,s21_Maze.Vector2D)" line-rate="0.5" branch-rate="0.2" complexity="5">
              <lines>
                <line number="98" hits="1" branch="True" condition-coverage="20% (1/5)">
                  <conditions>
                    <condition number="5" type="switch" coverage="20%" />
                  </conditions>
                </line>
                <line number="99" hits="1" branch="False" />
                <line number="100" hits="0" branch="False" />
                <line number="101" hits="1" branch="False" />
                <line number="102" hits="0" branch="False" />
                <line number="103" hits="0" branch="False" />
                <line number="104" hits="0" branch="False" />
                <line number="105" hits="1" branch="False" />
              </lines>
            </method>
            <method name="ChangeСlockwise" signature="(s21_Maze.PathFinder/Direction)" line-rate="0" branch-rate="0" complexity="5">
              <lines>
                <line number="107" hits="0" branch="True" condition-coverage="0% (0/5)">
                  <conditions>
                    <condition number="5" type="switch" coverage="0%" />
                  </conditions>
                </line>
                <line number="108" hits="0" branch="False" />
                <line number="109" hits="0" branch="False" />
                <line number="110" hits="0" branch="False" />
                <line number="111" hits="0" branch="False" />
                <line number="112" hits="0" branch="False" />
                <line number="113" hits="0" branch="False" />
                <line number="114" hits="0" branch="False" />
              </lines>
            </method>
            <method name="ChangeCounterСlockwise" signature="(s21_Maze.PathFinder/Direction)" line-rate="0.5" branch-rate="0.2" complexity="5">
              <lines>
                <line number="116" hits="1" branch="True" condition-coverage="20% (1/5)">
                  <conditions>
                    <condition number="5" type="switch" coverage="20%" />
                  </conditions>
                </line>
                <line number="117" hits="1" branch="False" />
                <line number="118" hits="0" branch="False" />
                <line number="119" hits="1" branch="False" />
                <line number="120" hits="0" branch="False" />
                <line number="121" hits="0" branch="False" />
                <line number="122" hits="0" branch="False" />
                <line number="123" hits="1" branch="False" />
              </lines>
            </method>
            <method name=".ctor" signature="(s21_Maze.Maze,System.Int32,System.Int32,System.Int32,System.Int32)" line-rate="1" branch-rate="1" complexity="1">
              <lines>
                <line number="19" hits="1" branch="False" />
                <line number="20" hits="1" branch="False" />
                <line number="21" hits="1" branch="False" />
                <line number="22" hits="1" branch="False" />
                <line number="23" hits="1" branch="False" />
                <line number="24" hits="1" branch="False" />
                <line number="25" hits="1" branch="False" />
              </lines>
            </method>
          </methods>
          <lines>
            <line number="7" hits="6" branch="False" />
            <line number="8" hits="6" branch="False" />
            <line number="10" hits="7" branch="False" />
            <line number="17" hits="0" branch="False" />
            <line number="28" hits="1" branch="False" />
            <line number="29" hits="1" branch="False" />
            <line number="30" hits="7" branch="True" condition-coverage="100% (2/2)">
              <conditions>
                <condition number="68" type="jump" coverage="100%" />
              </conditions>
            </line>
            <line number="31" hits="2" branch="False" />
            <line number="32" hits="1" branch="False" />
            <line number="33" hits="1" branch="False" />
            <line number="36" hits="0" branch="False" />
            <line number="37" hits="0" branch="False" />
            <line number="38" hits="0" branch="True" condition-coverage="0% (0/2)">
              <conditions>
                <condition number="95" type="jump" coverage="0%" />
              </conditions>
            </line>
            <line number="39" hits="0" branch="False" />
            <line number="40" hits="0" branch="False" />
            <line number="41" hits="0" branch="False" />
            <line number="42" hits="0" branch="False" />
            <line number="43" hits="0" branch="False" />
            <line number="44" hits="0" branch="False" />
            <line number="47" hits="1" branch="False" />
            <line number="48" hits="1" branch="True" condition-coverage="50% (8/16)">
              <conditions>
                <condition number="29" type="jump" coverage="50%" />
                <condition number="46" type="jump" coverage="50%" />
                <condition number="70" type="jump" coverage="50%" />
                <condition number="84" type="jump" coverage="50%" />
                <condition number="108" type="jump" coverage="50%" />
                <condition number="122" type="jump" coverage="50%" />
                <condition number="146" type="jump" coverage="50%" />
                <condition number="167" type="jump" coverage="50%" />
              </conditions>
            </line>
            <line number="49" hits="1" branch="False" />
            <line number="50" hits="1" branch="False" />
            <line number="51" hits="1" branch="False" />
            <line number="52" hits="0" branch="False" />
            <line number="54" hits="1" branch="False" />
            <line number="55" hits="1" branch="False" />
            <line number="57" hits="2" branch="True" condition-coverage="100% (2/2)">
              <conditions>
                <condition number="484" type="jump" coverage="100%" />
              </conditions>
            </line>
            <line number="58" hits="1" branch="False" />
            <line number="59" hits="1" branch="False" />
            <line number="60" hits="1" branch="False" />
            <line number="62" hits="1" branch="False" />
            <line number="63" hits="1" branch="False" />
            <line number="64" hits="1" branch="False" />
            <line number="66" hits="1" branch="True" condition-coverage="50% (5/10)">
              <conditions>
                <condition number="267" type="jump" coverage="50%" />
                <condition number="287" type="jump" coverage="50%" />
                <condition number="297" type="jump" coverage="50%" />
                <condition number="317" type="jump" coverage="50%" />
                <condition number="335" type="jump" coverage="50%" />
              </conditions>
            </line>
            <line number="67" hits="1" branch="False" />
            <line number="68" hits="1" branch="False" />
            <line number="69" hits="1" branch="False" />
            <line number="71" hits="0" branch="False" />
            <line number="72" hits="0" branch="False" />
            <line number="73" hits="1" branch="False" />
            <line number="74" hits="2" branch="True" condition-coverage="75% (3/4)">
              <conditions>
                <condition number="373" type="jump" coverage="100%" />
                <condition number="408" type="jump" coverage="50%" />
              </conditions>
            </line>
            <line number="75" hits="0" branch="False" />
            <line number="76" hits="0" branch="False" />
            <line number="77" hits="0" branch="False" />
            <line number="78" hits="0" branch="False" />
            <line number="79" hits="1" branch="False" />
            <line number="80" hits="1" branch="False" />
            <line number="82" hits="1" branch="False" />
            <line number="83" hits="1" branch="False" />
            <line number="86" hits="1" branch="False" />
            <line number="87" hits="1" branch="True" condition-coverage="50% (2/4)">
              <conditions>
                <condition number="2" type="jump" coverage="50%" />
                <condition number="43" type="jump" coverage="50%" />
              </conditions>
            </line>
            <line number="88" hits="0" branch="False" />
            <line number="89" hits="1" branch="True" condition-coverage="50% (2/4)">
              <conditions>
                <condition number="54" type="jump" coverage="50%" />
                <condition number="93" type="jump" coverage="50%" />
              </conditions>
            </line>
            <line number="90" hits="0" branch="False" />
            <line number="91" hits="1" branch="True" condition-coverage="50% (2/4)">
              <conditions>
                <condition number="101" type="jump" coverage="50%" />
                <condition number="140" type="jump" coverage="50%" />
              </conditions>
            </line>
            <line number="92" hits="0" branch="False" />
            <line number="93" hits="1" branch="True" condition-coverage="50% (2/4)">
              <conditions>
                <condition number="148" type="jump" coverage="50%" />
                <condition number="191" type="jump" coverage="50%" />
              </conditions>
            </line>
            <line number="94" hits="1" branch="False" />
            <line number="95" hits="0" branch="False" />
            <line number="96" hits="1" branch="False" />
            <line number="98" hits="1" branch="True" condition-coverage="20% (1/5)">
              <conditions>
                <condition number="5" type="switch" coverage="20%" />
              </conditions>
            </line>
            <line number="99" hits="1" branch="False" />
            <line number="100" hits="0" branch="False" />
            <line number="101" hits="1" branch="False" />
            <line number="102" hits="0" branch="False" />
            <line number="103" hits="0" branch="False" />
            <line number="104" hits="0" branch="False" />
            <line number="105" hits="1" branch="False" />
            <line number="107" hits="0" branch="True" condition-coverage="0% (0/5)">
              <conditions>
                <condition number="5" type="switch" coverage="0%" />
              </conditions>
            </line>
            <line number="108" hits="0" branch="False" />
            <line number="109" hits="0" branch="False" />
            <line number="110" hits="0" branch="False" />
            <line number="111" hits="0" branch="False" />
            <line number="112" hits="0" branch="False" />
            <line number="113" hits="0" branch="False" />
            <line number="114" hits="0" branch="False" />
            <line number="116" hits="1" branch="True" condition-coverage="20% (1/5)">
              <conditions>
                <condition number="5" type="switch" coverage="20%" />
              </conditions>
            </line>
            <line number="117" hits="1" branch="False" />
            <line number="118" hits="0" branch="False" />
            <line number="119" hits="1" branch="False" />
            <line number="120" hits="0" branch="False" />
            <line number="121" hits="0" branch="False" />
            <line number="122" hits="0" branch="False" />
            <line number="123" hits="1" branch="False" />
            <line number="19" hits="1" branch="False" />
            <line number="20" hits="1" branch="False" />
            <line number="21" hits="1" branch="False" />
            <line number="22" hits="1" branch="False" />
            <line number="23" hits="1" branch="False" />
            <line number="24" hits="1" branch="False" />
            <line number="25" hits="1" branch="False" />
          </lines>
        </class>
        <class name="s21_Maze.Vector2D" filename="Vector2D.cs" line-rate="0.9" branch-rate="0.75" complexity="8">
          <methods>
            <method name="get_X" signature="()" line-rate="1" branch-rate="1" complexity="1">
              <lines>
                <line number="9" hits="21" branch="False" />
              </lines>
            </method>
            <method name="get_Y" signature="()" line-rate="1" branch-rate="1" complexity="1">
              <lines>
                <line number="10" hits="21" branch="False" />
              </lines>
            </method>
            <method name="op_Equality" signature="(s21_Maze.Vector2D,s21_Maze.Vector2D)" line-rate="1" branch-rate="0.5" complexity="2">
              <lines>
                <line number="18" hits="3" branch="True" condition-coverage="50% (1/2)">
                  <conditions>
                    <condition number="12" type="jump" coverage="50%" />
                  </conditions>
                </line>
              </lines>
            </method>
            <method name="op_Inequality" signature="(s21_Maze.Vector2D,s21_Maze.Vector2D)" line-rate="1" branch-rate="1" complexity="2">
              <lines>
                <line number="20" hits="2" branch="True" condition-coverage="100% (2/2)">
                  <conditions>
                    <condition number="7" type="jump" coverage="100%" />
                  </conditions>
                </line>
              </lines>
            </method>
            <method name="ToString" signature="()" line-rate="0" branch-rate="1" complexity="1">
              <lines>
                <line number="22" hits="0" branch="False" />
              </lines>
            </method>
            <method name=".ctor" signature="(System.Int32,System.Int32)" line-rate="1" branch-rate="1" complexity="1">
              <lines>
                <line number="12" hits="4" branch="False" />
                <line number="13" hits="4" branch="False" />
                <line number="14" hits="4" branch="False" />
                <line number="15" hits="4" branch="False" />
                <line number="16" hits="4" branch="False" />
              </lines>
            </method>
          </methods>
          <lines>
            <line number="9" hits="21" branch="False" />
            <line number="10" hits="21" branch="False" />
            <line number="18" hits="3" branch="True" condition-coverage="50% (1/2)">
              <conditions>
                <condition number="12" type="jump" coverage="50%" />
              </conditions>
            </line>
            <line number="20" hits="2" branch="True" condition-coverage="100% (2/2)">
              <conditions>
                <condition number="7" type="jump" coverage="100%" />
              </conditions>
            </line>
            <line number="22" hits="0" branch="False" />
            <line number="12" hits="4" branch="False" />
            <line number="13" hits="4" branch="False" />
            <line number="14" hits="4" branch="False" />
            <line number="15" hits="4" branch="False" />
            <line number="16" hits="4" branch="False" />
          </lines>
        </class>
      </classes>
    </package>
  </packages>
</coverage>